0 info it worked if it ends with ok
1 verbose cli [ '/usr/local/Cellar/node/0.8.17/bin/node',
1 verbose cli   '/usr/local/bin/npm',
1 verbose cli   'install' ]
2 info using npm@1.2.0
3 info using node@v0.8.17
4 verbose read json /Users/sluscher/Documents/Programming/FayeObjC/sampleserver/package.json
5 error install Couldn't read dependencies
6 error Error: ENOENT, open '/Users/sluscher/Documents/Programming/FayeObjC/sampleserver/package.json'
7 error If you need help, you may report this log at:
7 error     <http://github.com/isaacs/npm/issues>
7 error or email it to:
7 error     <npm-@googlegroups.com>
8 error System Darwin 12.2.1
9 error command "/usr/local/Cellar/node/0.8.17/bin/node" "/usr/local/bin/npm" "install"
10 error cwd /Users/sluscher/Documents/Programming/FayeObjC/sampleserver
11 error node -v v0.8.17
12 error npm -v 1.2.0
13 error path /Users/sluscher/Documents/Programming/FayeObjC/sampleserver/package.json
14 error code ENOENT
15 error errno 34
16 verbose exit [ 34, true ]
